GowinSynthesis start
Running parser ...
Analyzing Verilog file 'C:\FPGA\workspace\tang_nano_20k_c64\tang_primer_vic_new\src\tang_primer_20k_top.v'
Analyzing Verilog file 'C:\FPGA\workspace\tang_nano_20k_c64\tang_primer_vic_new\src\TMDS_rPLL.v'
Analyzing Verilog file 'C:\FPGA\workspace\tang_nano_20k_c64\tang_primer_vic_new\src\testpattern.v'
Analyzing Verilog file 'C:\FPGA\workspace\tang_nano_20k_c64\tang_primer_vic_new\src\dvi_tx\dvi_tx.v'
Compiling module 'tang_primer_20k_top'("C:\FPGA\workspace\tang_nano_20k_c64\tang_primer_vic_new\src\tang_primer_20k_top.v":24)
Compiling module 'testpattern'("C:\FPGA\workspace\tang_nano_20k_c64\tang_primer_vic_new\src\testpattern.v":17)
Compiling module 'TMDS_rPLL'("C:\FPGA\workspace\tang_nano_20k_c64\tang_primer_vic_new\src\TMDS_rPLL.v":9)
Compiling module 'DVI_TX_Top'("C:\FPGA\workspace\tang_nano_20k_c64\tang_primer_vic_new\src\dvi_tx\dvi_tx.v":1048)
Compiling module '**'("C:\FPGA\workspace\tang_nano_20k_c64\tang_primer_vic_new\src\dvi_tx\dvi_tx.v":1047)
NOTE  (EX0101) : Current top module is "tang_primer_20k_top"
[5%] Running netlist conversion ...
Running device independent optimization ...
[10%] Optimizing Phase 0 completed
[15%] Optimizing Phase 1 completed
[25%] Optimizing Phase 2 completed
Running inference ...
[30%] Inferring Phase 0 completed
[40%] Inferring Phase 1 completed
[50%] Inferring Phase 2 completed
[55%] Inferring Phase 3 completed
Running technical mapping ...
[60%] Tech-Mapping Phase 0 completed
[65%] Tech-Mapping Phase 1 completed
[75%] Tech-Mapping Phase 2 completed
[80%] Tech-Mapping Phase 3 completed
[90%] Tech-Mapping Phase 4 completed
[95%] Generate netlist file "C:\FPGA\workspace\tang_nano_20k_c64\tang_primer_vic_new\impl\gwsynthesis\tang_primer_20k.vg" completed
[100%] Generate report file "C:\FPGA\workspace\tang_nano_20k_c64\tang_primer_vic_new\impl\gwsynthesis\tang_primer_20k_syn.rpt.html" completed
GowinSynthesis finish
