GowinSynthesis start
Running parser ...
Analyzing Verilog file 'C:\FPGA\workspace\tang_nano_20k_c64\tang_primer_vic_to_admi\src\tp_admi_top.v'
Analyzing Verilog file 'C:\FPGA\workspace\tang_nano_20k_c64\tang_primer_vic_to_admi\src\TMDS_rPLL.v'
Analyzing Verilog file 'C:\FPGA\workspace\tang_nano_20k_c64\tang_primer_vic_to_admi\src\hdmi_800x600.sv'
Analyzing Verilog file 'C:\FPGA\workspace\tang_nano_20k_c64\tang_primer_vic_to_admi\src\dvi_640x480.sv'
Analyzing Verilog file 'C:\FPGA\workspace\tang_nano_20k_c64\tang_primer_vic_to_admi\src\dvi_800x600.sv'
Analyzing Verilog file 'C:\FPGA\workspace\tang_nano_20k_c64\tang_primer_vic_to_admi\src\dvi_1360x768.sv'
Analyzing Verilog file 'C:\FPGA\workspace\tang_nano_20k_c64\tang_primer_vic_to_admi\src\serializer.sv'
Analyzing Verilog file 'C:\FPGA\workspace\tang_nano_20k_c64\tang_primer_vic_to_admi\src\tmds_channel.sv'
Analyzing Verilog file 'C:\FPGA\workspace\tang_nano_20k_c64\tang_primer_vic_to_admi\src\packet_assembler.sv'
Analyzing Verilog file 'C:\FPGA\workspace\tang_nano_20k_c64\tang_primer_vic_to_admi\src\packet_picker.sv'
Analyzing Verilog file 'C:\FPGA\workspace\tang_nano_20k_c64\tang_primer_vic_to_admi\src\audio_clock_regeneration_packet.sv'
Analyzing Verilog file 'C:\FPGA\workspace\tang_nano_20k_c64\tang_primer_vic_to_admi\src\audio_info_frame.sv'
Analyzing Verilog file 'C:\FPGA\workspace\tang_nano_20k_c64\tang_primer_vic_to_admi\src\audio_sample_packet.sv'
Analyzing Verilog file 'C:\FPGA\workspace\tang_nano_20k_c64\tang_primer_vic_to_admi\src\auxiliary_video_information_info_frame.sv'
Analyzing Verilog file 'C:\FPGA\workspace\tang_nano_20k_c64\tang_primer_vic_to_admi\src\source_product_description_info_frame.sv'
Compiling module 'tp_admi_top'("C:\FPGA\workspace\tang_nano_20k_c64\tang_primer_vic_to_admi\src\tp_admi_top.v":1)
Compiling module 'TMDS_rPLL'("C:\FPGA\workspace\tang_nano_20k_c64\tang_primer_vic_to_admi\src\TMDS_rPLL.v":6)
Compiling module 'dvi_640x480'("C:\FPGA\workspace\tang_nano_20k_c64\tang_primer_vic_to_admi\src\dvi_640x480.sv":1)
WARN  (EX3780) : Using initial value of 'invert' since it is never assigned("C:\FPGA\workspace\tang_nano_20k_c64\tang_primer_vic_to_admi\src\dvi_640x480.sv":21)
Compiling module 'tmds_channel'("C:\FPGA\workspace\tang_nano_20k_c64\tang_primer_vic_to_admi\src\tmds_channel.sv":4)
Compiling module 'tmds_channel(CN=1)'("C:\FPGA\workspace\tang_nano_20k_c64\tang_primer_vic_to_admi\src\tmds_channel.sv":4)
Compiling module 'tmds_channel(CN=2)'("C:\FPGA\workspace\tang_nano_20k_c64\tang_primer_vic_to_admi\src\tmds_channel.sv":4)
Compiling module 'serializer'("C:\FPGA\workspace\tang_nano_20k_c64\tang_primer_vic_to_admi\src\serializer.sv":3)
NOTE  (EX0101) : Current top module is "tp_admi_top"
[5%] Running netlist conversion ...
Running device independent optimization ...
[10%] Optimizing Phase 0 completed
[15%] Optimizing Phase 1 completed
[25%] Optimizing Phase 2 completed
Running inference ...
[30%] Inferring Phase 0 completed
[40%] Inferring Phase 1 completed
[50%] Inferring Phase 2 completed
[55%] Inferring Phase 3 completed
Running technical mapping ...
[60%] Tech-Mapping Phase 0 completed
[65%] Tech-Mapping Phase 1 completed
[75%] Tech-Mapping Phase 2 completed
[80%] Tech-Mapping Phase 3 completed
[90%] Tech-Mapping Phase 4 completed
[95%] Generate netlist file "C:\FPGA\workspace\tang_nano_20k_c64\tang_primer_vic_to_admi\impl\gwsynthesis\project.vg" completed
[100%] Generate report file "C:\FPGA\workspace\tang_nano_20k_c64\tang_primer_vic_to_admi\impl\gwsynthesis\project_syn.rpt.html" completed
GowinSynthesis finish
