Reading netlist file: "C:\FPGA\workspace\tang_nano_20k_c64\tang_primer_vic_new\impl\gwsynthesis\tang_primer_20k.vg"
Parsing netlist file "C:\FPGA\workspace\tang_nano_20k_c64\tang_primer_vic_new\impl\gwsynthesis\tang_primer_20k.vg" completed
Processing netlist completed
Reading constraint file: "C:\FPGA\workspace\tang_nano_20k_c64\tang_primer_vic_new\src\tang_primer_20k.cst"
Physical Constraint parsed completed
Running placement......
[10%] Placement Phase 0 completed
[20%] Placement Phase 1 completed
[30%] Placement Phase 2 completed
WARN  (TA1132) :  'u_clkdiv/CLKOUT.default_gen_clk' was determined to be a clock but was not created.
[50%] Placement Phase 3 completed
Running routing......
[60%] Routing Phase 0 completed
[70%] Routing Phase 1 completed
[80%] Routing Phase 2 completed
[90%] Routing Phase 3 completed
Running timing analysis......
[95%] Timing analysis completed
Placement and routing completed
Bitstream generation in progress......
Bitstream generation completed
Running power analysis......
[100%] Power analysis completed
Generate file "C:\FPGA\workspace\tang_nano_20k_c64\tang_primer_vic_new\impl\pnr\tang_primer_20k.power.html" completed
Generate file "C:\FPGA\workspace\tang_nano_20k_c64\tang_primer_vic_new\impl\pnr\tang_primer_20k.pin.html" completed
Generate file "C:\FPGA\workspace\tang_nano_20k_c64\tang_primer_vic_new\impl\pnr\tang_primer_20k.rpt.html" completed
Generate file "C:\FPGA\workspace\tang_nano_20k_c64\tang_primer_vic_new\impl\pnr\tang_primer_20k.rpt.txt" completed
Generate file "C:\FPGA\workspace\tang_nano_20k_c64\tang_primer_vic_new\impl\pnr\tang_primer_20k.tr.html" completed
Sat Feb 14 14:13:33 2026

